[0122/153853.824:ERROR:directory_reader_win.cc(43)] FindFirstFile: The system cannot find the path specified. (0x3)
[0123/145813.413:ERROR:directory_reader_win.cc(43)] FindFirstFile: The system cannot find the path specified. (0x3)
[0123/201943.804:ERROR:process_reader_win.cc(151)] SuspendThread: Access is denied. (0x5)
[0123/201943.804:ERROR:process_reader_win.cc(151)] SuspendThread: Access is denied. (0x5)
[0123/201943.804:ERROR:process_reader_win.cc(151)] SuspendThread: Access is denied. (0x5)
[0123/201943.804:ERROR:process_reader_win.cc(151)] SuspendThread: Access is denied. (0x5)
[0123/201943.804:ERROR:process_reader_win.cc(151)] SuspendThread: Access is denied. (0x5)
[0123/201943.804:ERROR:process_reader_win.cc(151)] SuspendThread: Access is denied. (0x5)
[0123/201943.806:ERROR:process_reader_win.cc(151)] SuspendThread: Access is denied. (0x5)
[0123/201943.806:ERROR:process_reader_win.cc(151)] SuspendThread: Access is denied. (0x5)
[0123/201943.806:ERROR:process_reader_win.cc(151)] SuspendThread: Access is denied. (0x5)
[0123/201943.807:ERROR:process_reader_win.cc(151)] SuspendThread: Access is denied. (0x5)
[0123/201943.807:ERROR:process_reader_win.cc(151)] SuspendThread: Access is denied. (0x5)
[0123/201943.807:ERROR:process_reader_win.cc(151)] SuspendThread: Access is denied. (0x5)
[0123/201943.807:ERROR:process_reader_win.cc(151)] SuspendThread: Access is denied. (0x5)
[0123/201943.807:ERROR:process_reader_win.cc(151)] SuspendThread: Access is denied. (0x5)
[0123/201943.807:ERROR:process_reader_win.cc(151)] SuspendThread: Access is denied. (0x5)
[0123/201943.807:ERROR:process_reader_win.cc(151)] SuspendThread: Access is denied. (0x5)
[0123/201943.807:ERROR:process_reader_win.cc(151)] SuspendThread: Access is denied. (0x5)
[0123/201943.807:ERROR:process_reader_win.cc(151)] SuspendThread: Access is denied. (0x5)
[0123/201943.808:ERROR:process_reader_win.cc(151)] SuspendThread: Access is denied. (0x5)
[0123/201943.808:ERROR:process_reader_win.cc(151)] SuspendThread: Access is denied. (0x5)
[0123/201943.808:ERROR:process_reader_win.cc(151)] SuspendThread: Access is denied. (0x5)
[0123/201943.807:ERROR:process_reader_win.cc(123)] NtOpenThread: {Access Denied} A process has requested access to an object, but has not been granted those access rights. (0xc0000022)
[0123/201943.808:ERROR:exception_snapshot_win.cc(99)] thread ID 7412 not found in process
[0123/201943.808:ERROR:process_reader_win.cc(151)] SuspendThread: Access is denied. (0x5)
[0123/201943.809:ERROR:process_reader_win.cc(151)] SuspendThread: Access is denied. (0x5)
[0123/201943.809:ERROR:process_reader_win.cc(151)] SuspendThread: Access is denied. (0x5)
[0123/201943.809:ERROR:process_reader_win.cc(151)] SuspendThread: Access is denied. (0x5)
[0123/201943.809:ERROR:process_reader_win.cc(151)] SuspendThread: Access is denied. (0x5)
[0123/201943.809:ERROR:process_reader_win.cc(151)] SuspendThread: Access is denied. (0x5)
[0123/201943.809:ERROR:process_reader_win.cc(151)] SuspendThread: Access is denied. (0x5)
[0123/201943.809:ERROR:process_reader_win.cc(151)] SuspendThread: Access is denied. (0x5)
[0123/201943.809:ERROR:process_reader_win.cc(151)] SuspendThread: Access is denied. (0x5)
[0123/201943.809:ERROR:process_reader_win.cc(151)] SuspendThread: Access is denied. (0x5)
[0123/201943.809:ERROR:process_reader_win.cc(151)] SuspendThread: Access is denied. (0x5)
[0123/201943.809:ERROR:process_reader_win.cc(151)] SuspendThread: Access is denied. (0x5)
[0123/201943.809:ERROR:process_reader_win.cc(123)] NtOpenThread: {Access Denied} A process has requested access to an object, but has not been granted those access rights. (0xc0000022)
[0123/201943.808:ERROR:process_reader_win.cc(123)] NtOpenThread: {Access Denied} A process has requested access to an object, but has not been granted those access rights. (0xc0000022)
[0123/201943.809:ERROR:exception_snapshot_win.cc(99)] thread ID 11064 not found in process
[0123/201943.812:ERROR:exception_snapshot_win.cc(99)] thread ID 11424 not found in process
[0123/201943.814:ERROR:process_reader_win.cc(151)] SuspendThread: Access is denied. (0x5)
[0123/201943.814:ERROR:process_reader_win.cc(151)] SuspendThread: Access is denied. (0x5)
[0123/201943.814:ERROR:process_reader_win.cc(151)] SuspendThread: Access is denied. (0x5)
[0123/201943.814:ERROR:process_reader_win.cc(151)] SuspendThread: Access is denied. (0x5)
[0123/201943.814:ERROR:process_reader_win.cc(151)] SuspendThread: Access is denied. (0x5)
[0123/201943.814:ERROR:process_reader_win.cc(151)] SuspendThread: Access is denied. (0x5)
[0123/201943.814:ERROR:process_reader_win.cc(151)] SuspendThread: Access is denied. (0x5)
[0123/201943.814:ERROR:process_reader_win.cc(151)] SuspendThread: Access is denied. (0x5)
[0123/201943.814:ERROR:process_reader_win.cc(151)] SuspendThread: Access is denied. (0x5)
[0123/201943.814:ERROR:process_reader_win.cc(151)] SuspendThread: Access is denied. (0x5)
[0123/201943.814:ERROR:process_reader_win.cc(151)] SuspendThread: Access is denied. (0x5)
[0123/201943.815:ERROR:process_reader_win.cc(151)] SuspendThread: Access is denied. (0x5)
[0123/201943.815:ERROR:process_reader_win.cc(151)] SuspendThread: Access is denied. (0x5)
[0123/201943.815:ERROR:process_reader_win.cc(151)] SuspendThread: Access is denied. (0x5)
[0123/201943.815:ERROR:process_reader_win.cc(123)] NtOpenThread: {Access Denied} A process has requested access to an object, but has not been granted those access rights. (0xc0000022)
[0123/201943.815:ERROR:exception_snapshot_win.cc(99)] thread ID 14412 not found in process
[0123/201943.833:ERROR:process_reader_win.cc(151)] SuspendThread: Access is denied. (0x5)
[0123/201943.833:ERROR:process_reader_win.cc(151)] SuspendThread: Access is denied. (0x5)
[0123/201943.833:ERROR:process_reader_win.cc(151)] SuspendThread: Access is denied. (0x5)
[0123/201943.833:ERROR:process_reader_win.cc(151)] SuspendThread: Access is denied. (0x5)
[0123/201943.833:ERROR:process_reader_win.cc(151)] SuspendThread: Access is denied. (0x5)
[0123/201943.833:ERROR:process_reader_win.cc(151)] SuspendThread: Access is denied. (0x5)
[0123/201943.833:ERROR:process_reader_win.cc(151)] SuspendThread: Access is denied. (0x5)
[0123/201943.833:ERROR:process_reader_win.cc(151)] SuspendThread: Access is denied. (0x5)
[0123/201943.833:ERROR:process_reader_win.cc(151)] SuspendThread: Access is denied. (0x5)
[0123/201943.833:ERROR:process_reader_win.cc(151)] SuspendThread: Access is denied. (0x5)
[0123/201943.833:ERROR:process_reader_win.cc(151)] SuspendThread: Access is denied. (0x5)
[0123/201943.833:ERROR:process_reader_win.cc(151)] SuspendThread: Access is denied. (0x5)
[0123/201943.833:ERROR:process_reader_win.cc(151)] SuspendThread: Access is denied. (0x5)
[0123/201943.833:ERROR:process_reader_win.cc(123)] NtOpenThread: {Access Denied} A process has requested access to an object, but has not been granted those access rights. (0xc0000022)
[0123/201943.834:ERROR:exception_snapshot_win.cc(99)] thread ID 8048 not found in process
[0123/201943.839:ERROR:process_reader_win.cc(151)] SuspendThread: Access is denied. (0x5)
[0123/201943.839:ERROR:process_reader_win.cc(151)] SuspendThread: Access is denied. (0x5)
[0123/201943.839:ERROR:process_reader_win.cc(151)] SuspendThread: Access is denied. (0x5)
[0123/201943.839:ERROR:process_reader_win.cc(151)] SuspendThread: Access is denied. (0x5)
[0123/201943.839:ERROR:process_reader_win.cc(151)] SuspendThread: Access is denied. (0x5)
[0123/201943.839:ERROR:process_reader_win.cc(151)] SuspendThread: Access is denied. (0x5)
[0123/201943.839:ERROR:process_reader_win.cc(151)] SuspendThread: Access is denied. (0x5)
[0123/201943.839:ERROR:process_reader_win.cc(151)] SuspendThread: Access is denied. (0x5)
[0123/201943.839:ERROR:process_reader_win.cc(151)] SuspendThread: Access is denied. (0x5)
[0123/201943.839:ERROR:process_reader_win.cc(151)] SuspendThread: Access is denied. (0x5)
[0123/201943.839:ERROR:process_reader_win.cc(151)] SuspendThread: Access is denied. (0x5)
[0123/201943.839:ERROR:process_reader_win.cc(123)] NtOpenThread: {Access Denied} A process has requested access to an object, but has not been granted those access rights. (0xc0000022)
[0123/201943.839:ERROR:exception_snapshot_win.cc(99)] thread ID 9336 not found in process
[0123/201943.845:ERROR:process_reader_win.cc(151)] SuspendThread: Access is denied. (0x5)
[0123/201943.845:ERROR:process_reader_win.cc(151)] SuspendThread: Access is denied. (0x5)
[0123/201943.845:ERROR:process_reader_win.cc(151)] SuspendThread: Access is denied. (0x5)
[0123/201943.845:ERROR:process_reader_win.cc(151)] SuspendThread: Access is denied. (0x5)
[0123/201943.845:ERROR:process_reader_win.cc(151)] SuspendThread: Access is denied. (0x5)
[0123/201943.845:ERROR:process_reader_win.cc(151)] SuspendThread: Access is denied. (0x5)
[0123/201943.845:ERROR:process_reader_win.cc(151)] SuspendThread: Access is denied. (0x5)
[0123/201943.845:ERROR:process_reader_win.cc(151)] SuspendThread: Access is denied. (0x5)
[0123/201943.845:ERROR:process_reader_win.cc(151)] SuspendThread: Access is denied. (0x5)
[0123/201943.845:ERROR:process_reader_win.cc(151)] SuspendThread: Access is denied. (0x5)
[0123/201943.845:ERROR:process_reader_win.cc(151)] SuspendThread: Access is denied. (0x5)
[0123/201943.845:ERROR:process_reader_win.cc(151)] SuspendThread: Access is denied. (0x5)
[0123/201943.845:ERROR:process_reader_win.cc(151)] SuspendThread: Access is denied. (0x5)
[0123/201943.845:ERROR:process_reader_win.cc(151)] SuspendThread: Access is denied. (0x5)
[0123/201943.845:ERROR:process_reader_win.cc(151)] SuspendThread: Access is denied. (0x5)
[0123/201943.845:ERROR:process_reader_win.cc(151)] SuspendThread: Access is denied. (0x5)
[0123/201943.845:ERROR:process_reader_win.cc(151)] SuspendThread: Access is denied. (0x5)
[0123/201943.845:ERROR:process_reader_win.cc(151)] SuspendThread: Access is denied. (0x5)
[0123/201943.845:ERROR:process_reader_win.cc(151)] SuspendThread: Access is denied. (0x5)
[0123/201943.845:ERROR:process_reader_win.cc(151)] SuspendThread: Access is denied. (0x5)
[0123/201943.845:ERROR:process_reader_win.cc(151)] SuspendThread: Access is denied. (0x5)
[0123/201943.845:ERROR:process_reader_win.cc(151)] SuspendThread: Access is denied. (0x5)
[0123/201943.845:ERROR:process_reader_win.cc(123)] NtOpenThread: {Access Denied} A process has requested access to an object, but has not been granted those access rights. (0xc0000022)
[0123/201943.845:ERROR:process_reader_win.cc(123)] NtOpenThread: {Access Denied} A process has requested access to an object, but has not been granted those access rights. (0xc0000022)
[0123/201943.845:ERROR:exception_snapshot_win.cc(99)] thread ID 12748 not found in process
[0123/201943.845:ERROR:exception_snapshot_win.cc(99)] thread ID 3744 not found in process
[0123/201943.875:ERROR:process_reader_win.cc(151)] SuspendThread: Access is denied. (0x5)
[0123/201943.875:ERROR:process_reader_win.cc(151)] SuspendThread: Access is denied. (0x5)
[0123/201943.875:ERROR:process_reader_win.cc(151)] SuspendThread: Access is denied. (0x5)
[0123/201943.875:ERROR:process_reader_win.cc(151)] SuspendThread: Access is denied. (0x5)
[0123/201943.875:ERROR:process_reader_win.cc(151)] SuspendThread: Access is denied. (0x5)
[0123/201943.875:ERROR:process_reader_win.cc(151)] SuspendThread: Access is denied. (0x5)
[0123/201943.875:ERROR:process_reader_win.cc(151)] SuspendThread: Access is denied. (0x5)
[0123/201943.875:ERROR:process_reader_win.cc(151)] SuspendThread: Access is denied. (0x5)
[0123/201943.875:ERROR:process_reader_win.cc(151)] SuspendThread: Access is denied. (0x5)
[0123/201943.875:ERROR:process_reader_win.cc(151)] SuspendThread: Access is denied. (0x5)
[0123/201943.875:ERROR:process_reader_win.cc(123)] NtOpenThread: {Access Denied} A process has requested access to an object, but has not been granted those access rights. (0xc0000022)
[0123/201943.876:ERROR:exception_snapshot_win.cc(99)] thread ID 4780 not found in process
[0123/201943.877:ERROR:process_reader_win.cc(151)] SuspendThread: Access is denied. (0x5)
[0123/201943.878:ERROR:process_reader_win.cc(151)] SuspendThread: Access is denied. (0x5)
[0123/201943.878:ERROR:process_reader_win.cc(151)] SuspendThread: Access is denied. (0x5)
[0123/201943.878:ERROR:process_reader_win.cc(151)] SuspendThread: Access is denied. (0x5)
[0123/201943.878:ERROR:process_reader_win.cc(151)] SuspendThread: Access is denied. (0x5)
[0123/201943.878:ERROR:process_reader_win.cc(151)] SuspendThread: Access is denied. (0x5)
[0123/201943.878:ERROR:process_reader_win.cc(151)] SuspendThread: Access is denied. (0x5)
[0123/201943.878:ERROR:process_reader_win.cc(151)] SuspendThread: Access is denied. (0x5)
[0123/201943.878:ERROR:process_reader_win.cc(151)] SuspendThread: Access is denied. (0x5)
[0123/201943.878:ERROR:process_reader_win.cc(151)] SuspendThread: Access is denied. (0x5)
[0123/201943.878:ERROR:process_reader_win.cc(151)] SuspendThread: Access is denied. (0x5)
[0123/201943.878:ERROR:process_reader_win.cc(151)] SuspendThread: Access is denied. (0x5)
[0123/201943.878:ERROR:process_reader_win.cc(151)] SuspendThread: Access is denied. (0x5)
[0123/201943.878:ERROR:process_reader_win.cc(123)] NtOpenThread: {Access Denied} A process has requested access to an object, but has not been granted those access rights. (0xc0000022)
[0123/201943.878:ERROR:exception_snapshot_win.cc(99)] thread ID 3904 not found in process
[0123/201943.889:ERROR:process_reader_win.cc(151)] SuspendThread: Access is denied. (0x5)
[0123/201943.890:ERROR:process_reader_win.cc(151)] SuspendThread: Access is denied. (0x5)
[0123/201943.890:ERROR:process_reader_win.cc(151)] SuspendThread: Access is denied. (0x5)
[0123/201943.890:ERROR:process_reader_win.cc(151)] SuspendThread: Access is denied. (0x5)
[0123/201943.890:ERROR:process_reader_win.cc(151)] SuspendThread: Access is denied. (0x5)
[0123/201943.890:ERROR:process_reader_win.cc(151)] SuspendThread: Access is denied. (0x5)
[0123/201943.890:ERROR:process_reader_win.cc(151)] SuspendThread: Access is denied. (0x5)
[0123/201943.890:ERROR:process_reader_win.cc(151)] SuspendThread: Access is denied. (0x5)
[0123/201943.890:ERROR:process_reader_win.cc(151)] SuspendThread: Access is denied. (0x5)
[0123/201943.890:ERROR:process_reader_win.cc(151)] SuspendThread: Access is denied. (0x5)
[0123/201943.890:ERROR:process_reader_win.cc(151)] SuspendThread: Access is denied. (0x5)
[0123/201943.890:ERROR:process_reader_win.cc(123)] NtOpenThread: {Access Denied} A process has requested access to an object, but has not been granted those access rights. (0xc0000022)
[0123/201943.890:ERROR:exception_snapshot_win.cc(99)] thread ID 10604 not found in process
[0123/201943.895:ERROR:process_reader_win.cc(151)] SuspendThread: Access is denied. (0x5)
[0123/201943.895:ERROR:process_reader_win.cc(151)] SuspendThread: Access is denied. (0x5)
[0123/201943.895:ERROR:process_reader_win.cc(151)] SuspendThread: Access is denied. (0x5)
[0123/201943.895:ERROR:process_reader_win.cc(151)] SuspendThread: Access is denied. (0x5)
[0123/201943.895:ERROR:process_reader_win.cc(151)] SuspendThread: Access is denied. (0x5)
[0123/201943.895:ERROR:process_reader_win.cc(151)] SuspendThread: Access is denied. (0x5)
[0123/201943.896:ERROR:process_reader_win.cc(151)] SuspendThread: Access is denied. (0x5)
[0123/201943.896:ERROR:process_reader_win.cc(151)] SuspendThread: Access is denied. (0x5)
[0123/201943.896:ERROR:process_reader_win.cc(151)] SuspendThread: Access is denied. (0x5)
[0123/201943.896:ERROR:process_reader_win.cc(151)] SuspendThread: Access is denied. (0x5)
[0123/201943.896:ERROR:process_reader_win.cc(151)] SuspendThread: Access is denied. (0x5)
[0123/201943.896:ERROR:process_reader_win.cc(151)] SuspendThread: Access is denied. (0x5)
[0123/201943.896:ERROR:process_reader_win.cc(123)] NtOpenThread: {Access Denied} A process has requested access to an object, but has not been granted those access rights. (0xc0000022)
[0123/201943.896:ERROR:exception_snapshot_win.cc(99)] thread ID 12436 not found in process
[0125/150807.099:ERROR:directory_reader_win.cc(43)] FindFirstFile: The system cannot find the path specified. (0x3)
[0125/210556.599:ERROR:process_reader_win.cc(151)] SuspendThread: Access is denied. (0x5)
[0125/210556.599:ERROR:process_reader_win.cc(151)] SuspendThread: Access is denied. (0x5)
[0125/210556.599:ERROR:process_reader_win.cc(151)] SuspendThread: Access is denied. (0x5)
[0125/210556.599:ERROR:process_reader_win.cc(151)] SuspendThread: Access is denied. (0x5)
[0125/210556.599:ERROR:process_reader_win.cc(151)] SuspendThread: Access is denied. (0x5)
[0125/210556.599:ERROR:process_reader_win.cc(151)] SuspendThread: Access is denied. (0x5)
[0125/210556.600:ERROR:process_reader_win.cc(151)] SuspendThread: Access is denied. (0x5)
[0125/210556.600:ERROR:process_reader_win.cc(151)] SuspendThread: Access is denied. (0x5)
[0125/210556.600:ERROR:process_reader_win.cc(151)] SuspendThread: Access is denied. (0x5)
[0125/210556.600:ERROR:process_reader_win.cc(151)] SuspendThread: Access is denied. (0x5)
[0125/210556.600:ERROR:process_reader_win.cc(151)] SuspendThread: Access is denied. (0x5)
[0125/210556.600:ERROR:process_reader_win.cc(151)] SuspendThread: Access is denied. (0x5)
[0125/210556.600:ERROR:process_reader_win.cc(151)] SuspendThread: Access is denied. (0x5)
[0125/210556.600:ERROR:process_reader_win.cc(151)] SuspendThread: Access is denied. (0x5)
[0125/210556.600:ERROR:process_reader_win.cc(151)] SuspendThread: Access is denied. (0x5)
[0125/210556.600:ERROR:process_reader_win.cc(151)] SuspendThread: Access is denied. (0x5)
[0125/210556.600:ERROR:process_reader_win.cc(151)] SuspendThread: Access is denied. (0x5)
[0125/210556.600:ERROR:process_reader_win.cc(151)] SuspendThread: Access is denied. (0x5)
[0125/210556.600:ERROR:process_reader_win.cc(151)] SuspendThread: Access is denied. (0x5)
[0125/210556.600:ERROR:process_reader_win.cc(151)] SuspendThread: Access is denied. (0x5)
[0125/210556.600:ERROR:process_reader_win.cc(151)] SuspendThread: Access is denied. (0x5)
[0125/210556.600:ERROR:process_reader_win.cc(151)] SuspendThread: Access is denied. (0x5)
[0125/210556.600:ERROR:process_reader_win.cc(151)] SuspendThread: Access is denied. (0x5)
[0125/210556.600:ERROR:process_reader_win.cc(151)] SuspendThread: Access is denied. (0x5)
[0125/210556.600:ERROR:process_reader_win.cc(151)] SuspendThread: Access is denied. (0x5)
[0125/210556.600:ERROR:process_reader_win.cc(151)] SuspendThread: Access is denied. (0x5)
[0125/210556.600:ERROR:process_reader_win.cc(123)] NtOpenThread: {Access Denied} A process has requested access to an object, but has not been granted those access rights. (0xc0000022)
[0125/210556.600:ERROR:process_reader_win.cc(123)] NtOpenThread: {Access Denied} A process has requested access to an object, but has not been granted those access rights. (0xc0000022)
[0125/210556.601:ERROR:exception_snapshot_win.cc(99)] thread ID 14540 not found in process
[0125/210556.601:ERROR:exception_snapshot_win.cc(99)] thread ID 12904 not found in process
[0125/210556.619:ERROR:process_reader_win.cc(151)] SuspendThread: Access is denied. (0x5)
[0125/210556.619:ERROR:process_reader_win.cc(151)] SuspendThread: Access is denied. (0x5)
[0125/210556.619:ERROR:process_reader_win.cc(151)] SuspendThread: Access is denied. (0x5)
[0125/210556.619:ERROR:process_reader_win.cc(151)] SuspendThread: Access is denied. (0x5)
[0125/210556.619:ERROR:process_reader_win.cc(151)] SuspendThread: Access is denied. (0x5)
[0125/210556.619:ERROR:process_reader_win.cc(151)] SuspendThread: Access is denied. (0x5)
[0125/210556.619:ERROR:process_reader_win.cc(151)] SuspendThread: Access is denied. (0x5)
[0125/210556.620:ERROR:process_reader_win.cc(151)] SuspendThread: Access is denied. (0x5)
[0125/210556.620:ERROR:process_reader_win.cc(151)] SuspendThread: Access is denied. (0x5)
[0125/210556.620:ERROR:process_reader_win.cc(151)] SuspendThread: Access is denied. (0x5)
[0125/210556.620:ERROR:process_reader_win.cc(151)] SuspendThread: Access is denied. (0x5)
[0125/210556.620:ERROR:process_reader_win.cc(151)] SuspendThread: Access is denied. (0x5)
[0125/210556.620:ERROR:process_reader_win.cc(151)] SuspendThread: Access is denied. (0x5)
[0125/210556.620:ERROR:process_reader_win.cc(123)] NtOpenThread: {Access Denied} A process has requested access to an object, but has not been granted those access rights. (0xc0000022)
[0125/210556.620:ERROR:exception_snapshot_win.cc(99)] thread ID 14728 not found in process
[0125/210556.629:ERROR:process_reader_win.cc(151)] SuspendThread: Access is denied. (0x5)
[0125/210556.630:ERROR:process_reader_win.cc(151)] SuspendThread: Access is denied. (0x5)
[0125/210556.630:ERROR:process_reader_win.cc(123)] NtOpenThread: {Access Denied} A process has requested access to an object, but has not been granted those access rights. (0xc0000022)
[0125/210556.630:ERROR:exception_snapshot_win.cc(99)] thread ID 12452 not found in process
[0125/210556.638:ERROR:process_reader_win.cc(151)] SuspendThread: Access is denied. (0x5)
[0125/210556.639:ERROR:process_reader_win.cc(151)] SuspendThread: Access is denied. (0x5)
[0125/210556.639:ERROR:process_reader_win.cc(151)] SuspendThread: Access is denied. (0x5)
[0125/210556.639:ERROR:process_reader_win.cc(151)] SuspendThread: Access is denied. (0x5)
[0125/210556.639:ERROR:process_reader_win.cc(151)] SuspendThread: Access is denied. (0x5)
[0125/210556.639:ERROR:process_reader_win.cc(151)] SuspendThread: Access is denied. (0x5)
[0125/210556.639:ERROR:process_reader_win.cc(151)] SuspendThread: Access is denied. (0x5)
[0125/210556.639:ERROR:process_reader_win.cc(151)] SuspendThread: Access is denied. (0x5)
[0125/210556.639:ERROR:process_reader_win.cc(151)] SuspendThread: Access is denied. (0x5)
[0125/210556.639:ERROR:process_reader_win.cc(151)] SuspendThread: Access is denied. (0x5)
[0125/210556.639:ERROR:process_reader_win.cc(151)] SuspendThread: Access is denied. (0x5)
[0125/210556.639:ERROR:process_reader_win.cc(151)] SuspendThread: Access is denied. (0x5)
[0125/210556.639:ERROR:process_reader_win.cc(151)] SuspendThread: Access is denied. (0x5)
[0125/210556.639:ERROR:process_reader_win.cc(151)] SuspendThread: Access is denied. (0x5)
[0125/210556.639:ERROR:process_reader_win.cc(123)] NtOpenThread: {Access Denied} A process has requested access to an object, but has not been granted those access rights. (0xc0000022)
[0125/210556.639:ERROR:exception_snapshot_win.cc(99)] thread ID 1032 not found in process
[0125/210556.650:ERROR:process_reader_win.cc(151)] SuspendThread: Access is denied. (0x5)
[0125/210556.650:ERROR:process_reader_win.cc(151)] SuspendThread: Access is denied. (0x5)
[0125/210556.650:ERROR:process_reader_win.cc(151)] SuspendThread: Access is denied. (0x5)
[0125/210556.650:ERROR:process_reader_win.cc(151)] SuspendThread: Access is denied. (0x5)
[0125/210556.650:ERROR:process_reader_win.cc(151)] SuspendThread: Access is denied. (0x5)
[0125/210556.650:ERROR:process_reader_win.cc(151)] SuspendThread: Access is denied. (0x5)
[0125/210556.650:ERROR:process_reader_win.cc(151)] SuspendThread: Access is denied. (0x5)
[0125/210556.650:ERROR:process_reader_win.cc(151)] SuspendThread: Access is denied. (0x5)
[0125/210556.650:ERROR:process_reader_win.cc(151)] SuspendThread: Access is denied. (0x5)
[0125/210556.650:ERROR:process_reader_win.cc(151)] SuspendThread: Access is denied. (0x5)
[0125/210556.650:ERROR:process_reader_win.cc(151)] SuspendThread: Access is denied. (0x5)
[0125/210556.650:ERROR:process_reader_win.cc(151)] SuspendThread: Access is denied. (0x5)
[0125/210556.651:ERROR:process_reader_win.cc(151)] SuspendThread: Access is denied. (0x5)
[0125/210556.651:ERROR:process_reader_win.cc(123)] NtOpenThread: {Access Denied} A process has requested access to an object, but has not been granted those access rights. (0xc0000022)
[0125/210556.651:ERROR:exception_snapshot_win.cc(99)] thread ID 15724 not found in process
[0125/210556.665:ERROR:process_reader_win.cc(151)] SuspendThread: Access is denied. (0x5)
[0125/210556.665:ERROR:process_reader_win.cc(151)] SuspendThread: Access is denied. (0x5)
[0125/210556.665:ERROR:process_reader_win.cc(151)] SuspendThread: Access is denied. (0x5)
[0125/210556.665:ERROR:process_reader_win.cc(151)] SuspendThread: Access is denied. (0x5)
[0125/210556.665:ERROR:process_reader_win.cc(151)] SuspendThread: Access is denied. (0x5)
[0125/210556.665:ERROR:process_reader_win.cc(151)] SuspendThread: Access is denied. (0x5)
[0125/210556.665:ERROR:process_reader_win.cc(151)] SuspendThread: Access is denied. (0x5)
[0125/210556.665:ERROR:process_reader_win.cc(151)] SuspendThread: Access is denied. (0x5)
[0125/210556.665:ERROR:process_reader_win.cc(151)] SuspendThread: Access is denied. (0x5)
[0125/210556.665:ERROR:process_reader_win.cc(151)] SuspendThread: Access is denied. (0x5)
[0125/210556.665:ERROR:process_reader_win.cc(151)] SuspendThread: Access is denied. (0x5)
[0125/210556.665:ERROR:process_reader_win.cc(151)] SuspendThread: Access is denied. (0x5)
[0125/210556.665:ERROR:process_reader_win.cc(151)] SuspendThread: Access is denied. (0x5)
[0125/210556.666:ERROR:process_reader_win.cc(123)] NtOpenThread: {Access Denied} A process has requested access to an object, but has not been granted those access rights. (0xc0000022)
[0125/210556.666:ERROR:exception_snapshot_win.cc(99)] thread ID 8956 not found in process
[0125/210556.672:ERROR:process_reader_win.cc(151)] SuspendThread: Access is denied. (0x5)
[0125/210556.672:ERROR:process_reader_win.cc(151)] SuspendThread: Access is denied. (0x5)
[0125/210556.672:ERROR:process_reader_win.cc(151)] SuspendThread: Access is denied. (0x5)
[0125/210556.673:ERROR:process_reader_win.cc(151)] SuspendThread: Access is denied. (0x5)
[0125/210556.673:ERROR:process_reader_win.cc(151)] SuspendThread: Access is denied. (0x5)
[0125/210556.673:ERROR:process_reader_win.cc(151)] SuspendThread: Access is denied. (0x5)
[0125/210556.673:ERROR:process_reader_win.cc(151)] SuspendThread: Access is denied. (0x5)
[0125/210556.673:ERROR:process_reader_win.cc(151)] SuspendThread: Access is denied. (0x5)
[0125/210556.673:ERROR:process_reader_win.cc(151)] SuspendThread: Access is denied. (0x5)
[0125/210556.673:ERROR:process_reader_win.cc(151)] SuspendThread: Access is denied. (0x5)
[0125/210556.673:ERROR:process_reader_win.cc(151)] SuspendThread: Access is denied. (0x5)
[0125/210556.673:ERROR:process_reader_win.cc(151)] SuspendThread: Access is denied. (0x5)
[0125/210556.673:ERROR:process_reader_win.cc(151)] SuspendThread: Access is denied. (0x5)
[0125/210556.673:ERROR:process_reader_win.cc(123)] NtOpenThread: {Access Denied} A process has requested access to an object, but has not been granted those access rights. (0xc0000022)
[0125/210556.673:ERROR:exception_snapshot_win.cc(99)] thread ID 9432 not found in process
[0125/210556.694:ERROR:process_reader_win.cc(151)] SuspendThread: Access is denied. (0x5)
[0125/210556.694:ERROR:process_reader_win.cc(151)] SuspendThread: Access is denied. (0x5)
[0125/210556.694:ERROR:process_reader_win.cc(151)] SuspendThread: Access is denied. (0x5)
[0125/210556.694:ERROR:process_reader_win.cc(151)] SuspendThread: Access is denied. (0x5)
[0125/210556.694:ERROR:process_reader_win.cc(151)] SuspendThread: Access is denied. (0x5)
[0125/210556.694:ERROR:process_reader_win.cc(151)] SuspendThread: Access is denied. (0x5)
[0125/210556.694:ERROR:process_reader_win.cc(151)] SuspendThread: Access is denied. (0x5)
[0125/210556.694:ERROR:process_reader_win.cc(151)] SuspendThread: Access is denied. (0x5)
[0125/210556.694:ERROR:process_reader_win.cc(151)] SuspendThread: Access is denied. (0x5)
[0125/210556.694:ERROR:process_reader_win.cc(151)] SuspendThread: Access is denied. (0x5)
[0125/210556.694:ERROR:process_reader_win.cc(151)] SuspendThread: Access is denied. (0x5)
[0125/210556.694:ERROR:process_reader_win.cc(151)] SuspendThread: Access is denied. (0x5)
[0125/210556.694:ERROR:process_reader_win.cc(151)] SuspendThread: Access is denied. (0x5)
[0125/210556.694:ERROR:process_reader_win.cc(123)] NtOpenThread: {Access Denied} A process has requested access to an object, but has not been granted those access rights. (0xc0000022)
[0125/210556.699:ERROR:exception_snapshot_win.cc(99)] thread ID 6700 not found in process
[0125/210556.701:ERROR:process_reader_win.cc(151)] SuspendThread: Access is denied. (0x5)
[0125/210556.701:ERROR:process_reader_win.cc(151)] SuspendThread: Access is denied. (0x5)
[0125/210556.701:ERROR:process_reader_win.cc(151)] SuspendThread: Access is denied. (0x5)
[0125/210556.701:ERROR:process_reader_win.cc(151)] SuspendThread: Access is denied. (0x5)
[0125/210556.701:ERROR:process_reader_win.cc(151)] SuspendThread: Access is denied. (0x5)
[0125/210556.701:ERROR:process_reader_win.cc(151)] SuspendThread: Access is denied. (0x5)
[0125/210556.701:ERROR:process_reader_win.cc(151)] SuspendThread: Access is denied. (0x5)
[0125/210556.701:ERROR:process_reader_win.cc(151)] SuspendThread: Access is denied. (0x5)
[0125/210556.701:ERROR:process_reader_win.cc(151)] SuspendThread: Access is denied. (0x5)
[0125/210556.701:ERROR:process_reader_win.cc(151)] SuspendThread: Access is denied. (0x5)
[0125/210556.701:ERROR:process_reader_win.cc(151)] SuspendThread: Access is denied. (0x5)
[0125/210556.701:ERROR:process_reader_win.cc(151)] SuspendThread: Access is denied. (0x5)
[0125/210556.701:ERROR:process_reader_win.cc(151)] SuspendThread: Access is denied. (0x5)
[0125/210556.701:ERROR:process_reader_win.cc(151)] SuspendThread: Access is denied. (0x5)
[0125/210556.701:ERROR:process_reader_win.cc(151)] SuspendThread: Access is denied. (0x5)
[0125/210556.701:ERROR:process_reader_win.cc(123)] NtOpenThread: {Access Denied} A process has requested access to an object, but has not been granted those access rights. (0xc0000022)
[0125/210556.701:ERROR:exception_snapshot_win.cc(99)] thread ID 14396 not found in process
[0125/210556.738:ERROR:process_reader_win.cc(151)] SuspendThread: Access is denied. (0x5)
[0125/210556.738:ERROR:process_reader_win.cc(151)] SuspendThread: Access is denied. (0x5)
[0125/210556.738:ERROR:process_reader_win.cc(151)] SuspendThread: Access is denied. (0x5)
[0125/210556.738:ERROR:process_reader_win.cc(151)] SuspendThread: Access is denied. (0x5)
[0125/210556.738:ERROR:process_reader_win.cc(151)] SuspendThread: Access is denied. (0x5)
[0125/210556.738:ERROR:process_reader_win.cc(151)] SuspendThread: Access is denied. (0x5)
[0125/210556.738:ERROR:process_reader_win.cc(151)] SuspendThread: Access is denied. (0x5)
[0125/210556.738:ERROR:process_reader_win.cc(151)] SuspendThread: Access is denied. (0x5)
[0125/210556.738:ERROR:process_reader_win.cc(151)] SuspendThread: Access is denied. (0x5)
[0125/210556.738:ERROR:process_reader_win.cc(151)] SuspendThread: Access is denied. (0x5)
[0125/210556.738:ERROR:process_reader_win.cc(151)] SuspendThread: Access is denied. (0x5)
[0125/210556.738:ERROR:process_reader_win.cc(151)] SuspendThread: Access is denied. (0x5)
[0125/210556.738:ERROR:process_reader_win.cc(151)] SuspendThread: Access is denied. (0x5)
[0125/210556.738:ERROR:process_reader_win.cc(151)] SuspendThread: Access is denied. (0x5)
[0125/210556.738:ERROR:process_reader_win.cc(151)] SuspendThread: Access is denied. (0x5)
[0125/210556.738:ERROR:process_reader_win.cc(123)] NtOpenThread: {Access Denied} A process has requested access to an object, but has not been granted those access rights. (0xc0000022)
[0125/210556.738:ERROR:exception_snapshot_win.cc(99)] thread ID 15628 not found in process
[0125/210556.748:ERROR:process_reader_win.cc(151)] SuspendThread: Access is denied. (0x5)
[0125/210556.748:ERROR:process_reader_win.cc(151)] SuspendThread: Access is denied. (0x5)
[0125/210556.748:ERROR:process_reader_win.cc(151)] SuspendThread: Access is denied. (0x5)
[0125/210556.748:ERROR:process_reader_win.cc(151)] SuspendThread: Access is denied. (0x5)
[0125/210556.748:ERROR:process_reader_win.cc(151)] SuspendThread: Access is denied. (0x5)
[0125/210556.748:ERROR:process_reader_win.cc(151)] SuspendThread: Access is denied. (0x5)
[0125/210556.748:ERROR:process_reader_win.cc(151)] SuspendThread: Access is denied. (0x5)
[0125/210556.748:ERROR:process_reader_win.cc(151)] SuspendThread: Access is denied. (0x5)
[0125/210556.749:ERROR:process_reader_win.cc(151)] SuspendThread: Access is denied. (0x5)
[0125/210556.749:ERROR:process_reader_win.cc(151)] SuspendThread: Access is denied. (0x5)
[0125/210556.749:ERROR:process_reader_win.cc(151)] SuspendThread: Access is denied. (0x5)
[0125/210556.749:ERROR:process_reader_win.cc(151)] SuspendThread: Access is denied. (0x5)
[0125/210556.749:ERROR:process_reader_win.cc(151)] SuspendThread: Access is denied. (0x5)
[0125/210556.749:ERROR:process_reader_win.cc(123)] NtOpenThread: {Access Denied} A process has requested access to an object, but has not been granted those access rights. (0xc0000022)
[0125/210556.749:ERROR:exception_snapshot_win.cc(99)] thread ID 12708 not found in process
[0125/210556.759:ERROR:process_reader_win.cc(151)] SuspendThread: Access is denied. (0x5)
[0125/210556.759:ERROR:process_reader_win.cc(151)] SuspendThread: Access is denied. (0x5)
[0125/210556.759:ERROR:process_reader_win.cc(151)] SuspendThread: Access is denied. (0x5)
[0125/210556.759:ERROR:process_reader_win.cc(151)] SuspendThread: Access is denied. (0x5)
[0125/210556.759:ERROR:process_reader_win.cc(151)] SuspendThread: Access is denied. (0x5)
[0125/210556.759:ERROR:process_reader_win.cc(151)] SuspendThread: Access is denied. (0x5)
[0125/210556.759:ERROR:process_reader_win.cc(151)] SuspendThread: Access is denied. (0x5)
[0125/210556.759:ERROR:process_reader_win.cc(151)] SuspendThread: Access is denied. (0x5)
[0125/210556.759:ERROR:process_reader_win.cc(151)] SuspendThread: Access is denied. (0x5)
[0125/210556.759:ERROR:process_reader_win.cc(151)] SuspendThread: Access is denied. (0x5)
[0125/210556.759:ERROR:process_reader_win.cc(151)] SuspendThread: Access is denied. (0x5)
[0125/210556.759:ERROR:process_reader_win.cc(151)] SuspendThread: Access is denied. (0x5)
[0125/210556.759:ERROR:process_reader_win.cc(151)] SuspendThread: Access is denied. (0x5)
[0125/210556.759:ERROR:process_reader_win.cc(123)] NtOpenThread: {Access Denied} A process has requested access to an object, but has not been granted those access rights. (0xc0000022)
[0125/210556.759:ERROR:exception_snapshot_win.cc(99)] thread ID 13152 not found in process
[0125/210556.779:ERROR:process_reader_win.cc(151)] SuspendThread: Access is denied. (0x5)
[0125/210556.779:ERROR:process_reader_win.cc(151)] SuspendThread: Access is denied. (0x5)
[0125/210556.779:ERROR:process_reader_win.cc(151)] SuspendThread: Access is denied. (0x5)
[0125/210556.779:ERROR:process_reader_win.cc(151)] SuspendThread: Access is denied. (0x5)
[0125/210556.779:ERROR:process_reader_win.cc(151)] SuspendThread: Access is denied. (0x5)
[0125/210556.779:ERROR:process_reader_win.cc(151)] SuspendThread: Access is denied. (0x5)
[0125/210556.779:ERROR:process_reader_win.cc(151)] SuspendThread: Access is denied. (0x5)
[0125/210556.779:ERROR:process_reader_win.cc(151)] SuspendThread: Access is denied. (0x5)
[0125/210556.779:ERROR:process_reader_win.cc(151)] SuspendThread: Access is denied. (0x5)
[0125/210556.779:ERROR:process_reader_win.cc(151)] SuspendThread: Access is denied. (0x5)
[0125/210556.779:ERROR:process_reader_win.cc(151)] SuspendThread: Access is denied. (0x5)
[0125/210556.779:ERROR:process_reader_win.cc(151)] SuspendThread: Access is denied. (0x5)
[0125/210556.779:ERROR:process_reader_win.cc(151)] SuspendThread: Access is denied. (0x5)
[0125/210556.779:ERROR:process_reader_win.cc(151)] SuspendThread: Access is denied. (0x5)
[0125/210556.779:ERROR:process_reader_win.cc(151)] SuspendThread: Access is denied. (0x5)
[0125/210556.779:ERROR:process_reader_win.cc(123)] NtOpenThread: {Access Denied} A process has requested access to an object, but has not been granted those access rights. (0xc0000022)
[0125/210556.780:ERROR:exception_snapshot_win.cc(99)] thread ID 11036 not found in process
[0125/210556.792:ERROR:process_reader_win.cc(151)] SuspendThread: Access is denied. (0x5)
[0125/210556.792:ERROR:process_reader_win.cc(151)] SuspendThread: Access is denied. (0x5)
[0125/210556.792:ERROR:process_reader_win.cc(151)] SuspendThread: Access is denied. (0x5)
[0125/210556.792:ERROR:process_reader_win.cc(151)] SuspendThread: Access is denied. (0x5)
[0125/210556.792:ERROR:process_reader_win.cc(151)] SuspendThread: Access is denied. (0x5)
[0125/210556.792:ERROR:process_reader_win.cc(151)] SuspendThread: Access is denied. (0x5)
[0125/210556.792:ERROR:process_reader_win.cc(151)] SuspendThread: Access is denied. (0x5)
[0125/210556.792:ERROR:process_reader_win.cc(151)] SuspendThread: Access is denied. (0x5)
[0125/210556.792:ERROR:process_reader_win.cc(151)] SuspendThread: Access is denied. (0x5)
[0125/210556.792:ERROR:process_reader_win.cc(151)] SuspendThread: Access is denied. (0x5)
[0125/210556.792:ERROR:process_reader_win.cc(151)] SuspendThread: Access is denied. (0x5)
[0125/210556.792:ERROR:process_reader_win.cc(151)] SuspendThread: Access is denied. (0x5)
[0125/210556.792:ERROR:process_reader_win.cc(151)] SuspendThread: Access is denied. (0x5)
[0125/210556.792:ERROR:process_reader_win.cc(151)] SuspendThread: Access is denied. (0x5)
[0125/210556.792:ERROR:process_reader_win.cc(151)] SuspendThread: Access is denied. (0x5)
[0125/210556.792:ERROR:process_reader_win.cc(123)] NtOpenThread: {Access Denied} A process has requested access to an object, but has not been granted those access rights. (0xc0000022)
[0125/210556.792:ERROR:exception_snapshot_win.cc(99)] thread ID 10660 not found in process
[0125/210556.809:ERROR:process_reader_win.cc(151)] SuspendThread: Access is denied. (0x5)
[0125/210556.809:ERROR:process_reader_win.cc(151)] SuspendThread: Access is denied. (0x5)
[0125/210556.809:ERROR:process_reader_win.cc(151)] SuspendThread: Access is denied. (0x5)
[0125/210556.809:ERROR:process_reader_win.cc(151)] SuspendThread: Access is denied. (0x5)
[0125/210556.809:ERROR:process_reader_win.cc(151)] SuspendThread: Access is denied. (0x5)
[0125/210556.809:ERROR:process_reader_win.cc(151)] SuspendThread: Access is denied. (0x5)
[0125/210556.809:ERROR:process_reader_win.cc(151)] SuspendThread: Access is denied. (0x5)
[0125/210556.809:ERROR:process_reader_win.cc(151)] SuspendThread: Access is denied. (0x5)
[0125/210556.809:ERROR:process_reader_win.cc(151)] SuspendThread: Access is denied. (0x5)
[0125/210556.809:ERROR:process_reader_win.cc(151)] SuspendThread: Access is denied. (0x5)
[0125/210556.809:ERROR:process_reader_win.cc(151)] SuspendThread: Access is denied. (0x5)
[0125/210556.809:ERROR:process_reader_win.cc(151)] SuspendThread: Access is denied. (0x5)
[0125/210556.809:ERROR:process_reader_win.cc(151)] SuspendThread: Access is denied. (0x5)
[0125/210556.809:ERROR:process_reader_win.cc(123)] NtOpenThread: {Access Denied} A process has requested access to an object, but has not been granted those access rights. (0xc0000022)
[0125/210556.809:ERROR:exception_snapshot_win.cc(99)] thread ID 10984 not found in process
[0125/210556.814:ERROR:process_reader_win.cc(151)] SuspendThread: Access is denied. (0x5)
[0125/210556.814:ERROR:process_reader_win.cc(151)] SuspendThread: Access is denied. (0x5)
[0125/210556.814:ERROR:process_reader_win.cc(151)] SuspendThread: Access is denied. (0x5)
[0125/210556.814:ERROR:process_reader_win.cc(151)] SuspendThread: Access is denied. (0x5)
[0125/210556.814:ERROR:process_reader_win.cc(151)] SuspendThread: Access is denied. (0x5)
[0125/210556.814:ERROR:process_reader_win.cc(151)] SuspendThread: Access is denied. (0x5)
[0125/210556.814:ERROR:process_reader_win.cc(151)] SuspendThread: Access is denied. (0x5)
[0125/210556.814:ERROR:process_reader_win.cc(151)] SuspendThread: Access is denied. (0x5)
[0125/210556.814:ERROR:process_reader_win.cc(151)] SuspendThread: Access is denied. (0x5)
[0125/210556.814:ERROR:process_reader_win.cc(151)] SuspendThread: Access is denied. (0x5)
[0125/210556.814:ERROR:process_reader_win.cc(151)] SuspendThread: Access is denied. (0x5)
[0125/210556.814:ERROR:process_reader_win.cc(151)] SuspendThread: Access is denied. (0x5)
[0125/210556.814:ERROR:process_reader_win.cc(151)] SuspendThread: Access is denied. (0x5)
[0125/210556.815:ERROR:process_reader_win.cc(151)] SuspendThread: Access is denied. (0x5)
[0125/210556.815:ERROR:process_reader_win.cc(123)] NtOpenThread: {Access Denied} A process has requested access to an object, but has not been granted those access rights. (0xc0000022)
[0125/210556.815:ERROR:exception_snapshot_win.cc(99)] thread ID 2400 not found in process
[0125/210556.835:ERROR:process_reader_win.cc(151)] SuspendThread: Access is denied. (0x5)
[0125/210556.835:ERROR:process_reader_win.cc(151)] SuspendThread: Access is denied. (0x5)
[0125/210556.835:ERROR:process_reader_win.cc(151)] SuspendThread: Access is denied. (0x5)
[0125/210556.836:ERROR:process_reader_win.cc(151)] SuspendThread: Access is denied. (0x5)
[0125/210556.836:ERROR:process_reader_win.cc(151)] SuspendThread: Access is denied. (0x5)
[0125/210556.836:ERROR:process_reader_win.cc(151)] SuspendThread: Access is denied. (0x5)
[0125/210556.836:ERROR:process_reader_win.cc(151)] SuspendThread: Access is denied. (0x5)
[0125/210556.836:ERROR:process_reader_win.cc(151)] SuspendThread: Access is denied. (0x5)
[0125/210556.836:ERROR:process_reader_win.cc(151)] SuspendThread: Access is denied. (0x5)
[0125/210556.836:ERROR:process_reader_win.cc(151)] SuspendThread: Access is denied. (0x5)
[0125/210556.836:ERROR:process_reader_win.cc(151)] SuspendThread: Access is denied. (0x5)
[0125/210556.836:ERROR:process_reader_win.cc(151)] SuspendThread: Access is denied. (0x5)
[0125/210556.836:ERROR:process_reader_win.cc(151)] SuspendThread: Access is denied. (0x5)
[0125/210556.836:ERROR:process_reader_win.cc(123)] NtOpenThread: {Access Denied} A process has requested access to an object, but has not been granted those access rights. (0xc0000022)
[0125/210556.836:ERROR:exception_snapshot_win.cc(99)] thread ID 15944 not found in process
[0125/210556.838:ERROR:process_reader_win.cc(151)] SuspendThread: Access is denied. (0x5)
[0125/210556.838:ERROR:process_reader_win.cc(151)] SuspendThread: Access is denied. (0x5)
[0125/210556.838:ERROR:process_reader_win.cc(151)] SuspendThread: Access is denied. (0x5)
[0125/210556.838:ERROR:process_reader_win.cc(151)] SuspendThread: Access is denied. (0x5)
[0125/210556.838:ERROR:process_reader_win.cc(151)] SuspendThread: Access is denied. (0x5)
[0125/210556.838:ERROR:process_reader_win.cc(151)] SuspendThread: Access is denied. (0x5)
[0125/210556.838:ERROR:process_reader_win.cc(151)] SuspendThread: Access is denied. (0x5)
[0125/210556.838:ERROR:process_reader_win.cc(151)] SuspendThread: Access is denied. (0x5)
[0125/210556.838:ERROR:process_reader_win.cc(151)] SuspendThread: Access is denied. (0x5)
[0125/210556.838:ERROR:process_reader_win.cc(151)] SuspendThread: Access is denied. (0x5)
[0125/210556.838:ERROR:process_reader_win.cc(151)] SuspendThread: Access is denied. (0x5)
[0125/210556.838:ERROR:process_reader_win.cc(151)] SuspendThread: Access is denied. (0x5)
[0125/210556.838:ERROR:process_reader_win.cc(151)] SuspendThread: Access is denied. (0x5)
[0125/210556.838:ERROR:process_reader_win.cc(123)] NtOpenThread: {Access Denied} A process has requested access to an object, but has not been granted those access rights. (0xc0000022)
[0125/210556.838:ERROR:exception_snapshot_win.cc(99)] thread ID 6080 not found in process
[0125/210556.857:ERROR:process_reader_win.cc(151)] SuspendThread: Access is denied. (0x5)
[0125/210556.857:ERROR:process_reader_win.cc(151)] SuspendThread: Access is denied. (0x5)
[0125/210556.857:ERROR:process_reader_win.cc(151)] SuspendThread: Access is denied. (0x5)
[0125/210556.857:ERROR:process_reader_win.cc(151)] SuspendThread: Access is denied. (0x5)
[0125/210556.857:ERROR:process_reader_win.cc(151)] SuspendThread: Access is denied. (0x5)
[0125/210556.857:ERROR:process_reader_win.cc(151)] SuspendThread: Access is denied. (0x5)
[0125/210556.857:ERROR:process_reader_win.cc(151)] SuspendThread: Access is denied. (0x5)
[0125/210556.857:ERROR:process_reader_win.cc(151)] SuspendThread: Access is denied. (0x5)
[0125/210556.857:ERROR:process_reader_win.cc(151)] SuspendThread: Access is denied. (0x5)
[0125/210556.857:ERROR:process_reader_win.cc(151)] SuspendThread: Access is denied. (0x5)
[0125/210556.857:ERROR:process_reader_win.cc(151)] SuspendThread: Access is denied. (0x5)
[0125/210556.857:ERROR:process_reader_win.cc(151)] SuspendThread: Access is denied. (0x5)
[0125/210556.857:ERROR:process_reader_win.cc(151)] SuspendThread: Access is denied. (0x5)
[0125/210556.857:ERROR:process_reader_win.cc(123)] NtOpenThread: {Access Denied} A process has requested access to an object, but has not been granted those access rights. (0xc0000022)
[0125/210556.858:ERROR:exception_snapshot_win.cc(99)] thread ID 13880 not found in process
[0125/210556.867:ERROR:process_reader_win.cc(151)] SuspendThread: Access is denied. (0x5)
[0125/210556.867:ERROR:process_reader_win.cc(151)] SuspendThread: Access is denied. (0x5)
[0125/210556.867:ERROR:process_reader_win.cc(151)] SuspendThread: Access is denied. (0x5)
[0125/210556.867:ERROR:process_reader_win.cc(151)] SuspendThread: Access is denied. (0x5)
[0125/210556.867:ERROR:process_reader_win.cc(151)] SuspendThread: Access is denied. (0x5)
[0125/210556.867:ERROR:process_reader_win.cc(151)] SuspendThread: Access is denied. (0x5)
[0125/210556.868:ERROR:process_reader_win.cc(151)] SuspendThread: Access is denied. (0x5)
[0125/210556.868:ERROR:process_reader_win.cc(151)] SuspendThread: Access is denied. (0x5)
[0125/210556.868:ERROR:process_reader_win.cc(151)] SuspendThread: Access is denied. (0x5)
[0125/210556.868:ERROR:process_reader_win.cc(151)] SuspendThread: Access is denied. (0x5)
[0125/210556.868:ERROR:process_reader_win.cc(151)] SuspendThread: Access is denied. (0x5)
[0125/210556.868:ERROR:process_reader_win.cc(151)] SuspendThread: Access is denied. (0x5)
[0125/210556.868:ERROR:process_reader_win.cc(151)] SuspendThread: Access is denied. (0x5)
[0125/210556.868:ERROR:process_reader_win.cc(151)] SuspendThread: Access is denied. (0x5)
[0125/210556.868:ERROR:process_reader_win.cc(151)] SuspendThread: Access is denied. (0x5)
[0125/210556.868:ERROR:process_reader_win.cc(123)] NtOpenThread: {Access Denied} A process has requested access to an object, but has not been granted those access rights. (0xc0000022)
[0125/210556.868:ERROR:exception_snapshot_win.cc(99)] thread ID 9776 not found in process
[0125/210556.877:ERROR:process_reader_win.cc(151)] SuspendThread: Access is denied. (0x5)
[0125/210556.877:ERROR:process_reader_win.cc(151)] SuspendThread: Access is denied. (0x5)
[0125/210556.877:ERROR:process_reader_win.cc(151)] SuspendThread: Access is denied. (0x5)
[0125/210556.877:ERROR:process_reader_win.cc(151)] SuspendThread: Access is denied. (0x5)
[0125/210556.877:ERROR:process_reader_win.cc(151)] SuspendThread: Access is denied. (0x5)
[0125/210556.877:ERROR:process_reader_win.cc(151)] SuspendThread: Access is denied. (0x5)
[0125/210556.877:ERROR:process_reader_win.cc(151)] SuspendThread: Access is denied. (0x5)
[0125/210556.877:ERROR:process_reader_win.cc(151)] SuspendThread: Access is denied. (0x5)
[0125/210556.877:ERROR:process_reader_win.cc(151)] SuspendThread: Access is denied. (0x5)
[0125/210556.877:ERROR:process_reader_win.cc(151)] SuspendThread: Access is denied. (0x5)
[0125/210556.877:ERROR:process_reader_win.cc(151)] SuspendThread: Access is denied. (0x5)
[0125/210556.877:ERROR:process_reader_win.cc(151)] SuspendThread: Access is denied. (0x5)
[0125/210556.877:ERROR:process_reader_win.cc(151)] SuspendThread: Access is denied. (0x5)
[0125/210556.877:ERROR:process_reader_win.cc(123)] NtOpenThread: {Access Denied} A process has requested access to an object, but has not been granted those access rights. (0xc0000022)
[0125/210556.877:ERROR:exception_snapshot_win.cc(99)] thread ID 14624 not found in process
[0125/210556.893:ERROR:process_reader_win.cc(151)] SuspendThread: Access is denied. (0x5)
[0125/210556.893:ERROR:process_reader_win.cc(151)] SuspendThread: Access is denied. (0x5)
[0125/210556.893:ERROR:process_reader_win.cc(151)] SuspendThread: Access is denied. (0x5)
[0125/210556.893:ERROR:process_reader_win.cc(151)] SuspendThread: Access is denied. (0x5)
[0125/210556.893:ERROR:process_reader_win.cc(151)] SuspendThread: Access is denied. (0x5)
[0125/210556.893:ERROR:process_reader_win.cc(151)] SuspendThread: Access is denied. (0x5)
[0125/210556.893:ERROR:process_reader_win.cc(151)] SuspendThread: Access is denied. (0x5)
[0125/210556.893:ERROR:process_reader_win.cc(151)] SuspendThread: Access is denied. (0x5)
[0125/210556.893:ERROR:process_reader_win.cc(151)] SuspendThread: Access is denied. (0x5)
[0125/210556.893:ERROR:process_reader_win.cc(151)] SuspendThread: Access is denied. (0x5)
[0125/210556.893:ERROR:process_reader_win.cc(151)] SuspendThread: Access is denied. (0x5)
[0125/210556.893:ERROR:process_reader_win.cc(151)] SuspendThread: Access is denied. (0x5)
[0125/210556.893:ERROR:process_reader_win.cc(151)] SuspendThread: Access is denied. (0x5)
[0125/210556.893:ERROR:process_reader_win.cc(123)] NtOpenThread: {Access Denied} A process has requested access to an object, but has not been granted those access rights. (0xc0000022)
[0125/210556.893:ERROR:exception_snapshot_win.cc(99)] thread ID 2836 not found in process
[0125/210556.897:ERROR:process_reader_win.cc(151)] SuspendThread: Access is denied. (0x5)
[0125/210556.898:ERROR:process_reader_win.cc(151)] SuspendThread: Access is denied. (0x5)
[0125/210556.898:ERROR:process_reader_win.cc(151)] SuspendThread: Access is denied. (0x5)
[0125/210556.898:ERROR:process_reader_win.cc(151)] SuspendThread: Access is denied. (0x5)
[0125/210556.898:ERROR:process_reader_win.cc(151)] SuspendThread: Access is denied. (0x5)
[0125/210556.898:ERROR:process_reader_win.cc(151)] SuspendThread: Access is denied. (0x5)
[0125/210556.898:ERROR:process_reader_win.cc(151)] SuspendThread: Access is denied. (0x5)
[0125/210556.898:ERROR:process_reader_win.cc(151)] SuspendThread: Access is denied. (0x5)
[0125/210556.898:ERROR:process_reader_win.cc(151)] SuspendThread: Access is denied. (0x5)
[0125/210556.898:ERROR:process_reader_win.cc(151)] SuspendThread: Access is denied. (0x5)
[0125/210556.898:ERROR:process_reader_win.cc(151)] SuspendThread: Access is denied. (0x5)
[0125/210556.898:ERROR:process_reader_win.cc(151)] SuspendThread: Access is denied. (0x5)
[0125/210556.898:ERROR:process_reader_win.cc(151)] SuspendThread: Access is denied. (0x5)
[0125/210556.898:ERROR:process_reader_win.cc(123)] NtOpenThread: {Access Denied} A process has requested access to an object, but has not been granted those access rights. (0xc0000022)
[0125/210556.898:ERROR:exception_snapshot_win.cc(99)] thread ID 13320 not found in process
[0125/210556.916:ERROR:process_reader_win.cc(151)] SuspendThread: Access is denied. (0x5)
[0125/210556.916:ERROR:process_reader_win.cc(151)] SuspendThread: Access is denied. (0x5)
[0125/210556.916:ERROR:process_reader_win.cc(151)] SuspendThread: Access is denied. (0x5)
[0125/210556.916:ERROR:process_reader_win.cc(151)] SuspendThread: Access is denied. (0x5)
[0125/210556.916:ERROR:process_reader_win.cc(151)] SuspendThread: Access is denied. (0x5)
[0125/210556.916:ERROR:process_reader_win.cc(151)] SuspendThread: Access is denied. (0x5)
[0125/210556.916:ERROR:process_reader_win.cc(151)] SuspendThread: Access is denied. (0x5)
[0125/210556.916:ERROR:process_reader_win.cc(151)] SuspendThread: Access is denied. (0x5)
[0125/210556.916:ERROR:process_reader_win.cc(151)] SuspendThread: Access is denied. (0x5)
[0125/210556.916:ERROR:process_reader_win.cc(151)] SuspendThread: Access is denied. (0x5)
[0125/210556.916:ERROR:process_reader_win.cc(151)] SuspendThread: Access is denied. (0x5)
[0125/210556.916:ERROR:process_reader_win.cc(151)] SuspendThread: Access is denied. (0x5)
[0125/210556.916:ERROR:process_reader_win.cc(151)] SuspendThread: Access is denied. (0x5)
[0125/210556.916:ERROR:process_reader_win.cc(123)] NtOpenThread: {Access Denied} A process has requested access to an object, but has not been granted those access rights. (0xc0000022)
[0125/210556.916:ERROR:exception_snapshot_win.cc(99)] thread ID 10044 not found in process
[0125/210556.919:ERROR:process_reader_win.cc(151)] SuspendThread: Access is denied. (0x5)
[0125/210556.919:ERROR:process_reader_win.cc(151)] SuspendThread: Access is denied. (0x5)
[0125/210556.919:ERROR:process_reader_win.cc(151)] SuspendThread: Access is denied. (0x5)
[0125/210556.919:ERROR:process_reader_win.cc(151)] SuspendThread: Access is denied. (0x5)
[0125/210556.919:ERROR:process_reader_win.cc(151)] SuspendThread: Access is denied. (0x5)
[0125/210556.919:ERROR:process_reader_win.cc(151)] SuspendThread: Access is denied. (0x5)
[0125/210556.919:ERROR:process_reader_win.cc(151)] SuspendThread: Access is denied. (0x5)
[0125/210556.919:ERROR:process_reader_win.cc(151)] SuspendThread: Access is denied. (0x5)
[0125/210556.919:ERROR:process_reader_win.cc(151)] SuspendThread: Access is denied. (0x5)
[0125/210556.919:ERROR:process_reader_win.cc(151)] SuspendThread: Access is denied. (0x5)
[0125/210556.919:ERROR:process_reader_win.cc(151)] SuspendThread: Access is denied. (0x5)
[0125/210556.919:ERROR:process_reader_win.cc(151)] SuspendThread: Access is denied. (0x5)
[0125/210556.919:ERROR:process_reader_win.cc(151)] SuspendThread: Access is denied. (0x5)
[0125/210556.919:ERROR:process_reader_win.cc(123)] NtOpenThread: {Access Denied} A process has requested access to an object, but has not been granted those access rights. (0xc0000022)
[0125/210556.919:ERROR:exception_snapshot_win.cc(99)] thread ID 7996 not found in process
[0125/210556.938:ERROR:process_reader_win.cc(151)] SuspendThread: Access is denied. (0x5)
[0125/210556.939:ERROR:process_reader_win.cc(151)] SuspendThread: Access is denied. (0x5)
[0125/210556.939:ERROR:process_reader_win.cc(151)] SuspendThread: Access is denied. (0x5)
[0125/210556.939:ERROR:process_reader_win.cc(151)] SuspendThread: Access is denied. (0x5)
[0125/210556.939:ERROR:process_reader_win.cc(151)] SuspendThread: Access is denied. (0x5)
[0125/210556.939:ERROR:process_reader_win.cc(151)] SuspendThread: Access is denied. (0x5)
[0125/210556.939:ERROR:process_reader_win.cc(151)] SuspendThread: Access is denied. (0x5)
[0125/210556.939:ERROR:process_reader_win.cc(151)] SuspendThread: Access is denied. (0x5)
[0125/210556.939:ERROR:process_reader_win.cc(151)] SuspendThread: Access is denied. (0x5)
[0125/210556.939:ERROR:process_reader_win.cc(151)] SuspendThread: Access is denied. (0x5)
[0125/210556.939:ERROR:process_reader_win.cc(151)] SuspendThread: Access is denied. (0x5)
[0125/210556.939:ERROR:process_reader_win.cc(151)] SuspendThread: Access is denied. (0x5)
[0125/210556.939:ERROR:process_reader_win.cc(151)] SuspendThread: Access is denied. (0x5)
[0125/210556.939:ERROR:process_reader_win.cc(123)] NtOpenThread: {Access Denied} A process has requested access to an object, but has not been granted those access rights. (0xc0000022)
[0125/210556.939:ERROR:exception_snapshot_win.cc(99)] thread ID 7760 not found in process
[0125/210556.948:ERROR:process_reader_win.cc(151)] SuspendThread: Access is denied. (0x5)
[0125/210556.948:ERROR:process_reader_win.cc(151)] SuspendThread: Access is denied. (0x5)
[0125/210556.948:ERROR:process_reader_win.cc(151)] SuspendThread: Access is denied. (0x5)
[0125/210556.948:ERROR:process_reader_win.cc(151)] SuspendThread: Access is denied. (0x5)
[0125/210556.948:ERROR:process_reader_win.cc(151)] SuspendThread: Access is denied. (0x5)
[0125/210556.948:ERROR:process_reader_win.cc(151)] SuspendThread: Access is denied. (0x5)
[0125/210556.948:ERROR:process_reader_win.cc(151)] SuspendThread: Access is denied. (0x5)
[0125/210556.948:ERROR:process_reader_win.cc(151)] SuspendThread: Access is denied. (0x5)
[0125/210556.948:ERROR:process_reader_win.cc(151)] SuspendThread: Access is denied. (0x5)
[0125/210556.948:ERROR:process_reader_win.cc(151)] SuspendThread: Access is denied. (0x5)
[0125/210556.948:ERROR:process_reader_win.cc(151)] SuspendThread: Access is denied. (0x5)
[0125/210556.948:ERROR:process_reader_win.cc(151)] SuspendThread: Access is denied. (0x5)
[0125/210556.948:ERROR:process_reader_win.cc(151)] SuspendThread: Access is denied. (0x5)
[0125/210556.948:ERROR:process_reader_win.cc(123)] NtOpenThread: {Access Denied} A process has requested access to an object, but has not been granted those access rights. (0xc0000022)
[0125/210556.948:ERROR:exception_snapshot_win.cc(99)] thread ID 9548 not found in process
[0125/210556.972:ERROR:process_reader_win.cc(151)] SuspendThread: Access is denied. (0x5)
[0125/210556.972:ERROR:process_reader_win.cc(151)] SuspendThread: Access is denied. (0x5)
[0125/210556.972:ERROR:process_reader_win.cc(151)] SuspendThread: Access is denied. (0x5)
[0125/210556.972:ERROR:process_reader_win.cc(151)] SuspendThread: Access is denied. (0x5)
[0125/210556.972:ERROR:process_reader_win.cc(151)] SuspendThread: Access is denied. (0x5)
[0125/210556.972:ERROR:process_reader_win.cc(151)] SuspendThread: Access is denied. (0x5)
[0125/210556.972:ERROR:process_reader_win.cc(151)] SuspendThread: Access is denied. (0x5)
[0125/210556.972:ERROR:process_reader_win.cc(151)] SuspendThread: Access is denied. (0x5)
[0125/210556.972:ERROR:process_reader_win.cc(151)] SuspendThread: Access is denied. (0x5)
[0125/210556.972:ERROR:process_reader_win.cc(151)] SuspendThread: Access is denied. (0x5)
[0125/210556.972:ERROR:process_reader_win.cc(151)] SuspendThread: Access is denied. (0x5)
[0125/210556.972:ERROR:process_reader_win.cc(151)] SuspendThread: Access is denied. (0x5)
[0125/210556.972:ERROR:process_reader_win.cc(151)] SuspendThread: Access is denied. (0x5)
[0125/210556.972:ERROR:process_reader_win.cc(123)] NtOpenThread: {Access Denied} A process has requested access to an object, but has not been granted those access rights. (0xc0000022)
[0125/210556.972:ERROR:exception_snapshot_win.cc(99)] thread ID 8824 not found in process
[0125/210556.976:ERROR:process_reader_win.cc(151)] SuspendThread: Access is denied. (0x5)
[0125/210556.976:ERROR:process_reader_win.cc(151)] SuspendThread: Access is denied. (0x5)
[0125/210556.976:ERROR:process_reader_win.cc(151)] SuspendThread: Access is denied. (0x5)
[0125/210556.976:ERROR:process_reader_win.cc(151)] SuspendThread: Access is denied. (0x5)
[0125/210556.976:ERROR:process_reader_win.cc(151)] SuspendThread: Access is denied. (0x5)
[0125/210556.976:ERROR:process_reader_win.cc(151)] SuspendThread: Access is denied. (0x5)
[0125/210556.977:ERROR:process_reader_win.cc(151)] SuspendThread: Access is denied. (0x5)
[0125/210556.977:ERROR:process_reader_win.cc(151)] SuspendThread: Access is denied. (0x5)
[0125/210556.977:ERROR:process_reader_win.cc(151)] SuspendThread: Access is denied. (0x5)
[0125/210556.977:ERROR:process_reader_win.cc(151)] SuspendThread: Access is denied. (0x5)
[0125/210556.977:ERROR:process_reader_win.cc(151)] SuspendThread: Access is denied. (0x5)
[0125/210556.977:ERROR:process_reader_win.cc(151)] SuspendThread: Access is denied. (0x5)
[0125/210556.977:ERROR:process_reader_win.cc(151)] SuspendThread: Access is denied. (0x5)
[0125/210556.977:ERROR:process_reader_win.cc(151)] SuspendThread: Access is denied. (0x5)
[0125/210556.977:ERROR:process_reader_win.cc(151)] SuspendThread: Access is denied. (0x5)
[0125/210556.977:ERROR:process_reader_win.cc(123)] NtOpenThread: {Access Denied} A process has requested access to an object, but has not been granted those access rights. (0xc0000022)
[0125/210556.977:ERROR:exception_snapshot_win.cc(99)] thread ID 1312 not found in process
[0125/210556.995:ERROR:process_reader_win.cc(151)] SuspendThread: Access is denied. (0x5)
[0125/210556.995:ERROR:process_reader_win.cc(151)] SuspendThread: Access is denied. (0x5)
[0125/210556.995:ERROR:process_reader_win.cc(151)] SuspendThread: Access is denied. (0x5)
[0125/210556.995:ERROR:process_reader_win.cc(151)] SuspendThread: Access is denied. (0x5)
[0125/210556.995:ERROR:process_reader_win.cc(151)] SuspendThread: Access is denied. (0x5)
[0125/210556.996:ERROR:process_reader_win.cc(151)] SuspendThread: Access is denied. (0x5)
[0125/210556.996:ERROR:process_reader_win.cc(151)] SuspendThread: Access is denied. (0x5)
[0125/210556.996:ERROR:process_reader_win.cc(151)] SuspendThread: Access is denied. (0x5)
[0125/210556.996:ERROR:process_reader_win.cc(151)] SuspendThread: Access is denied. (0x5)
[0125/210556.996:ERROR:process_reader_win.cc(151)] SuspendThread: Access is denied. (0x5)
[0125/210556.996:ERROR:process_reader_win.cc(151)] SuspendThread: Access is denied. (0x5)
[0125/210556.996:ERROR:process_reader_win.cc(151)] SuspendThread: Access is denied. (0x5)
[0125/210556.996:ERROR:process_reader_win.cc(151)] SuspendThread: Access is denied. (0x5)
[0125/210556.996:ERROR:process_reader_win.cc(123)] NtOpenThread: {Access Denied} A process has requested access to an object, but has not been granted those access rights. (0xc0000022)
[0125/210556.996:ERROR:exception_snapshot_win.cc(99)] thread ID 13844 not found in process
[0125/210556.999:ERROR:process_reader_win.cc(151)] SuspendThread: Access is denied. (0x5)
[0125/210556.999:ERROR:process_reader_win.cc(151)] SuspendThread: Access is denied. (0x5)
[0125/210556.999:ERROR:process_reader_win.cc(151)] SuspendThread: Access is denied. (0x5)
[0125/210556.999:ERROR:process_reader_win.cc(151)] SuspendThread: Access is denied. (0x5)
[0125/210556.999:ERROR:process_reader_win.cc(151)] SuspendThread: Access is denied. (0x5)
[0125/210556.999:ERROR:process_reader_win.cc(151)] SuspendThread: Access is denied. (0x5)
[0125/210556.999:ERROR:process_reader_win.cc(151)] SuspendThread: Access is denied. (0x5)
[0125/210557.000:ERROR:process_reader_win.cc(151)] SuspendThread: Access is denied. (0x5)
[0125/210557.000:ERROR:process_reader_win.cc(151)] SuspendThread: Access is denied. (0x5)
[0125/210557.000:ERROR:process_reader_win.cc(151)] SuspendThread: Access is denied. (0x5)
[0125/210557.000:ERROR:process_reader_win.cc(151)] SuspendThread: Access is denied. (0x5)
[0125/210557.000:ERROR:process_reader_win.cc(151)] SuspendThread: Access is denied. (0x5)
[0125/210557.000:ERROR:process_reader_win.cc(151)] SuspendThread: Access is denied. (0x5)
[0125/210557.000:ERROR:process_reader_win.cc(123)] NtOpenThread: {Access Denied} A process has requested access to an object, but has not been granted those access rights. (0xc0000022)
[0125/210557.000:ERROR:exception_snapshot_win.cc(99)] thread ID 11092 not found in process
[0125/210557.025:ERROR:process_reader_win.cc(151)] SuspendThread: Access is denied. (0x5)
[0125/210557.025:ERROR:process_reader_win.cc(151)] SuspendThread: Access is denied. (0x5)
[0125/210557.025:ERROR:process_reader_win.cc(151)] SuspendThread: Access is denied. (0x5)
[0125/210557.025:ERROR:process_reader_win.cc(151)] SuspendThread: Access is denied. (0x5)
[0125/210557.025:ERROR:process_reader_win.cc(151)] SuspendThread: Access is denied. (0x5)
[0125/210557.025:ERROR:process_reader_win.cc(151)] SuspendThread: Access is denied. (0x5)
[0125/210557.025:ERROR:process_reader_win.cc(151)] SuspendThread: Access is denied. (0x5)
[0125/210557.025:ERROR:process_reader_win.cc(151)] SuspendThread: Access is denied. (0x5)
[0125/210557.025:ERROR:process_reader_win.cc(151)] SuspendThread: Access is denied. (0x5)
[0125/210557.025:ERROR:process_reader_win.cc(151)] SuspendThread: Access is denied. (0x5)
[0125/210557.025:ERROR:process_reader_win.cc(151)] SuspendThread: Access is denied. (0x5)
[0125/210557.025:ERROR:process_reader_win.cc(151)] SuspendThread: Access is denied. (0x5)
[0125/210557.025:ERROR:process_reader_win.cc(151)] SuspendThread: Access is denied. (0x5)
[0125/210557.025:ERROR:process_reader_win.cc(123)] NtOpenThread: {Access Denied} A process has requested access to an object, but has not been granted those access rights. (0xc0000022)
[0125/210557.025:ERROR:exception_snapshot_win.cc(99)] thread ID 8420 not found in process
[0125/210557.025:ERROR:process_reader_win.cc(151)] SuspendThread: Access is denied. (0x5)
[0125/210557.025:ERROR:process_reader_win.cc(151)] SuspendThread: Access is denied. (0x5)
[0125/210557.025:ERROR:process_reader_win.cc(151)] SuspendThread: Access is denied. (0x5)
[0125/210557.025:ERROR:process_reader_win.cc(151)] SuspendThread: Access is denied. (0x5)
[0125/210557.025:ERROR:process_reader_win.cc(151)] SuspendThread: Access is denied. (0x5)
[0125/210557.026:ERROR:process_reader_win.cc(151)] SuspendThread: Access is denied. (0x5)
[0125/210557.026:ERROR:process_reader_win.cc(151)] SuspendThread: Access is denied. (0x5)
[0125/210557.026:ERROR:process_reader_win.cc(151)] SuspendThread: Access is denied. (0x5)
[0125/210557.026:ERROR:process_reader_win.cc(151)] SuspendThread: Access is denied. (0x5)
[0125/210557.026:ERROR:process_reader_win.cc(151)] SuspendThread: Access is denied. (0x5)
[0125/210557.026:ERROR:process_reader_win.cc(151)] SuspendThread: Access is denied. (0x5)
[0125/210557.026:ERROR:process_reader_win.cc(151)] SuspendThread: Access is denied. (0x5)
[0125/210557.026:ERROR:process_reader_win.cc(151)] SuspendThread: Access is denied. (0x5)
[0125/210557.026:ERROR:process_reader_win.cc(123)] NtOpenThread: {Access Denied} A process has requested access to an object, but has not been granted those access rights. (0xc0000022)
[0125/210557.026:ERROR:exception_snapshot_win.cc(99)] thread ID 9204 not found in process
[0125/210557.049:ERROR:process_reader_win.cc(151)] SuspendThread: Access is denied. (0x5)
[0125/210557.049:ERROR:process_reader_win.cc(151)] SuspendThread: Access is denied. (0x5)
[0125/210557.049:ERROR:process_reader_win.cc(151)] SuspendThread: Access is denied. (0x5)
[0125/210557.049:ERROR:process_reader_win.cc(151)] SuspendThread: Access is denied. (0x5)
[0125/210557.049:ERROR:process_reader_win.cc(151)] SuspendThread: Access is denied. (0x5)
[0125/210557.049:ERROR:process_reader_win.cc(151)] SuspendThread: Access is denied. (0x5)
[0125/210557.049:ERROR:process_reader_win.cc(151)] SuspendThread: Access is denied. (0x5)
[0125/210557.049:ERROR:process_reader_win.cc(151)] SuspendThread: Access is denied. (0x5)
[0125/210557.049:ERROR:process_reader_win.cc(151)] SuspendThread: Access is denied. (0x5)
[0125/210557.049:ERROR:process_reader_win.cc(151)] SuspendThread: Access is denied. (0x5)
[0125/210557.049:ERROR:process_reader_win.cc(151)] SuspendThread: Access is denied. (0x5)
[0125/210557.049:ERROR:process_reader_win.cc(151)] SuspendThread: Access is denied. (0x5)
[0125/210557.049:ERROR:process_reader_win.cc(151)] SuspendThread: Access is denied. (0x5)
[0125/210557.049:ERROR:process_reader_win.cc(151)] SuspendThread: Access is denied. (0x5)
[0125/210557.049:ERROR:process_reader_win.cc(151)] SuspendThread: Access is denied. (0x5)
[0125/210557.049:ERROR:process_reader_win.cc(151)] SuspendThread: Access is denied. (0x5)
[0125/210557.049:ERROR:process_reader_win.cc(123)] NtOpenThread: {Access Denied} A process has requested access to an object, but has not been granted those access rights. (0xc0000022)
[0125/210557.050:ERROR:exception_snapshot_win.cc(99)] thread ID 10532 not found in process
[0125/210557.053:ERROR:process_reader_win.cc(151)] SuspendThread: Access is denied. (0x5)
[0125/210557.053:ERROR:process_reader_win.cc(151)] SuspendThread: Access is denied. (0x5)
[0125/210557.053:ERROR:process_reader_win.cc(151)] SuspendThread: Access is denied. (0x5)
[0125/210557.053:ERROR:process_reader_win.cc(151)] SuspendThread: Access is denied. (0x5)
[0125/210557.053:ERROR:process_reader_win.cc(151)] SuspendThread: Access is denied. (0x5)
[0125/210557.053:ERROR:process_reader_win.cc(151)] SuspendThread: Access is denied. (0x5)
[0125/210557.053:ERROR:process_reader_win.cc(151)] SuspendThread: Access is denied. (0x5)
[0125/210557.053:ERROR:process_reader_win.cc(151)] SuspendThread: Access is denied. (0x5)
[0125/210557.053:ERROR:process_reader_win.cc(151)] SuspendThread: Access is denied. (0x5)
[0125/210557.053:ERROR:process_reader_win.cc(151)] SuspendThread: Access is denied. (0x5)
[0125/210557.053:ERROR:process_reader_win.cc(151)] SuspendThread: Access is denied. (0x5)
[0125/210557.053:ERROR:process_reader_win.cc(151)] SuspendThread: Access is denied. (0x5)
[0125/210557.053:ERROR:process_reader_win.cc(151)] SuspendThread: Access is denied. (0x5)
[0125/210557.053:ERROR:process_reader_win.cc(123)] NtOpenThread: {Access Denied} A process has requested access to an object, but has not been granted those access rights. (0xc0000022)
[0125/210557.053:ERROR:exception_snapshot_win.cc(99)] thread ID 15236 not found in process
[0125/210557.071:ERROR:process_reader_win.cc(151)] SuspendThread: Access is denied. (0x5)
[0125/210557.071:ERROR:process_reader_win.cc(151)] SuspendThread: Access is denied. (0x5)
[0125/210557.071:ERROR:process_reader_win.cc(151)] SuspendThread: Access is denied. (0x5)
[0125/210557.071:ERROR:process_reader_win.cc(151)] SuspendThread: Access is denied. (0x5)
[0125/210557.071:ERROR:process_reader_win.cc(151)] SuspendThread: Access is denied. (0x5)
[0125/210557.071:ERROR:process_reader_win.cc(151)] SuspendThread: Access is denied. (0x5)
[0125/210557.071:ERROR:process_reader_win.cc(151)] SuspendThread: Access is denied. (0x5)
[0125/210557.071:ERROR:process_reader_win.cc(151)] SuspendThread: Access is denied. (0x5)
[0125/210557.071:ERROR:process_reader_win.cc(151)] SuspendThread: Access is denied. (0x5)
[0125/210557.071:ERROR:process_reader_win.cc(151)] SuspendThread: Access is denied. (0x5)
[0125/210557.071:ERROR:process_reader_win.cc(151)] SuspendThread: Access is denied. (0x5)
[0125/210557.071:ERROR:process_reader_win.cc(151)] SuspendThread: Access is denied. (0x5)
[0125/210557.071:ERROR:process_reader_win.cc(123)] NtOpenThread: {Access Denied} A process has requested access to an object, but has not been granted those access rights. (0xc0000022)
[0125/210557.071:ERROR:exception_snapshot_win.cc(99)] thread ID 9572 not found in process
[0125/210557.072:ERROR:process_reader_win.cc(151)] SuspendThread: Access is denied. (0x5)
[0125/210557.072:ERROR:process_reader_win.cc(151)] SuspendThread: Access is denied. (0x5)
[0125/210557.072:ERROR:process_reader_win.cc(151)] SuspendThread: Access is denied. (0x5)
[0125/210557.072:ERROR:process_reader_win.cc(151)] SuspendThread: Access is denied. (0x5)
[0125/210557.072:ERROR:process_reader_win.cc(151)] SuspendThread: Access is denied. (0x5)
[0125/210557.072:ERROR:process_reader_win.cc(151)] SuspendThread: Access is denied. (0x5)
[0125/210557.072:ERROR:process_reader_win.cc(151)] SuspendThread: Access is denied. (0x5)
[0125/210557.072:ERROR:process_reader_win.cc(151)] SuspendThread: Access is denied. (0x5)
[0125/210557.072:ERROR:process_reader_win.cc(151)] SuspendThread: Access is denied. (0x5)
[0125/210557.072:ERROR:process_reader_win.cc(151)] SuspendThread: Access is denied. (0x5)
[0125/210557.072:ERROR:process_reader_win.cc(151)] SuspendThread: Access is denied. (0x5)
[0125/210557.072:ERROR:process_reader_win.cc(151)] SuspendThread: Access is denied. (0x5)
[0125/210557.072:ERROR:process_reader_win.cc(151)] SuspendThread: Access is denied. (0x5)
[0125/210557.072:ERROR:process_reader_win.cc(123)] NtOpenThread: {Access Denied} A process has requested access to an object, but has not been granted those access rights. (0xc0000022)
[0125/210557.072:ERROR:exception_snapshot_win.cc(99)] thread ID 11892 not found in process
[0125/210557.099:ERROR:process_reader_win.cc(151)] SuspendThread: Access is denied. (0x5)
[0125/210557.099:ERROR:process_reader_win.cc(151)] SuspendThread: Access is denied. (0x5)
[0125/210557.099:ERROR:process_reader_win.cc(151)] SuspendThread: Access is denied. (0x5)
[0125/210557.099:ERROR:process_reader_win.cc(151)] SuspendThread: Access is denied. (0x5)
[0125/210557.099:ERROR:process_reader_win.cc(151)] SuspendThread: Access is denied. (0x5)
[0125/210557.099:ERROR:process_reader_win.cc(151)] SuspendThread: Access is denied. (0x5)
[0125/210557.099:ERROR:process_reader_win.cc(151)] SuspendThread: Access is denied. (0x5)
[0125/210557.099:ERROR:process_reader_win.cc(151)] SuspendThread: Access is denied. (0x5)
[0125/210557.099:ERROR:process_reader_win.cc(151)] SuspendThread: Access is denied. (0x5)
[0125/210557.099:ERROR:process_reader_win.cc(151)] SuspendThread: Access is denied. (0x5)
[0125/210557.099:ERROR:process_reader_win.cc(151)] SuspendThread: Access is denied. (0x5)
[0125/210557.099:ERROR:process_reader_win.cc(151)] SuspendThread: Access is denied. (0x5)
[0125/210557.099:ERROR:process_reader_win.cc(151)] SuspendThread: Access is denied. (0x5)
[0125/210557.099:ERROR:process_reader_win.cc(151)] SuspendThread: Access is denied. (0x5)
[0125/210557.099:ERROR:process_reader_win.cc(151)] SuspendThread: Access is denied. (0x5)
[0125/210557.099:ERROR:process_reader_win.cc(151)] SuspendThread: Access is denied. (0x5)
[0125/210557.099:ERROR:process_reader_win.cc(151)] SuspendThread: Access is denied. (0x5)
[0125/210557.099:ERROR:process_reader_win.cc(151)] SuspendThread: Access is denied. (0x5)
[0125/210557.099:ERROR:process_reader_win.cc(151)] SuspendThread: Access is denied. (0x5)
[0125/210557.099:ERROR:process_reader_win.cc(151)] SuspendThread: Access is denied. (0x5)
[0125/210557.099:ERROR:process_reader_win.cc(151)] SuspendThread: Access is denied. (0x5)
[0125/210557.099:ERROR:process_reader_win.cc(151)] SuspendThread: Access is denied. (0x5)
[0125/210557.099:ERROR:process_reader_win.cc(151)] SuspendThread: Access is denied. (0x5)
[0125/210557.099:ERROR:process_reader_win.cc(151)] SuspendThread: Access is denied. (0x5)
[0125/210557.099:ERROR:process_reader_win.cc(151)] SuspendThread: Access is denied. (0x5)
[0125/210557.099:ERROR:process_reader_win.cc(123)] NtOpenThread: {Access Denied} A process has requested access to an object, but has not been granted those access rights. (0xc0000022)
[0125/210557.099:ERROR:process_reader_win.cc(123)] NtOpenThread: {Access Denied} A process has requested access to an object, but has not been granted those access rights. (0xc0000022)
[0125/210557.099:ERROR:exception_snapshot_win.cc(99)] thread ID 13336 not found in process
[0125/210557.099:ERROR:exception_snapshot_win.cc(99)] thread ID 9120 not found in process
[0125/210557.120:ERROR:process_reader_win.cc(151)] SuspendThread: Access is denied. (0x5)
[0125/210557.120:ERROR:process_reader_win.cc(151)] SuspendThread: Access is denied. (0x5)
[0125/210557.120:ERROR:process_reader_win.cc(151)] SuspendThread: Access is denied. (0x5)
[0125/210557.120:ERROR:process_reader_win.cc(151)] SuspendThread: Access is denied. (0x5)
[0125/210557.120:ERROR:process_reader_win.cc(151)] SuspendThread: Access is denied. (0x5)
[0125/210557.120:ERROR:process_reader_win.cc(151)] SuspendThread: Access is denied. (0x5)
[0125/210557.120:ERROR:process_reader_win.cc(151)] SuspendThread: Access is denied. (0x5)
[0125/210557.120:ERROR:process_reader_win.cc(151)] SuspendThread: Access is denied. (0x5)
[0125/210557.120:ERROR:process_reader_win.cc(151)] SuspendThread: Access is denied. (0x5)
[0125/210557.120:ERROR:process_reader_win.cc(151)] SuspendThread: Access is denied. (0x5)
[0125/210557.120:ERROR:process_reader_win.cc(151)] SuspendThread: Access is denied. (0x5)
[0125/210557.120:ERROR:process_reader_win.cc(151)] SuspendThread: Access is denied. (0x5)
[0125/210557.120:ERROR:process_reader_win.cc(151)] SuspendThread: Access is denied. (0x5)
[0125/210557.120:ERROR:process_reader_win.cc(151)] SuspendThread: Access is denied. (0x5)
[0125/210557.120:ERROR:process_reader_win.cc(151)] SuspendThread: Access is denied. (0x5)
[0125/210557.120:ERROR:process_reader_win.cc(151)] SuspendThread: Access is denied. (0x5)
[0125/210557.120:ERROR:process_reader_win.cc(151)] SuspendThread: Access is denied. (0x5)
[0125/210557.120:ERROR:process_reader_win.cc(151)] SuspendThread: Access is denied. (0x5)
[0125/210557.120:ERROR:process_reader_win.cc(151)] SuspendThread: Access is denied. (0x5)
[0125/210557.120:ERROR:process_reader_win.cc(151)] SuspendThread: Access is denied. (0x5)
[0125/210557.120:ERROR:process_reader_win.cc(151)] SuspendThread: Access is denied. (0x5)
[0125/210557.120:ERROR:process_reader_win.cc(123)] NtOpenThread: {Access Denied} A process has requested access to an object, but has not been granted those access rights. (0xc0000022)
[0125/210557.121:ERROR:process_reader_win.cc(123)] NtOpenThread: {Access Denied} A process has requested access to an object, but has not been granted those access rights. (0xc0000022)
[0125/210557.121:ERROR:exception_snapshot_win.cc(99)] thread ID 15452 not found in process
[0125/210557.121:ERROR:exception_snapshot_win.cc(99)] thread ID 4760 not found in process
